Using pre-set license
Built from '2021.1/release' branch; Version is '2021.1.0f1 (61a549675243) revision 6399305'; Using compiler version '192528614'; Build Type 'Release'
OS: 'Windows 10 Home; OS build 19041.1052; Version 2004; 64bit' Language: 'de' Physical Memory: 16303 MB
BatchMode: 1, IsHumanControllingUs: 0, StartBugReporterOnCrash: 0, Is64bit: 1, IsPro: 0

 COMMAND LINE ARGUMENTS:
C:\Program Files\Unity\Hub\Editor\2021.1.0f1\Editor\Unity.exe
-adb2
-batchMode
-noUpm
-name
AssetImportWorker1
-projectPath
D:/Dokumente/SS_2021/MME_MED1_IPK1/IPK1/GitHub/Viking_Game/viking game
-logFile
Logs/AssetImportWorker1.log
-srvPort
63086
Successfully changed project path to: D:/Dokumente/SS_2021/MME_MED1_IPK1/IPK1/GitHub/Viking_Game/viking game
D:/Dokumente/SS_2021/MME_MED1_IPK1/IPK1/GitHub/Viking_Game/viking game
Using Asset Import Pipeline V2.
Refreshing native plugins compatible for Editor in 190.05 ms, found 1 plugins.
Preloading 0 native plugins for Editor in 0.00 ms.
Initialize engine version: 2021.1.0f1 (61a549675243)
[Subsystems] Discovering subsystems at path C:/Program Files/Unity/Hub/Editor/2021.1.0f1/Editor/Data/Resources/UnitySubsystems
[Subsystems] Discovering subsystems at path D:/Dokumente/SS_2021/MME_MED1_IPK1/IPK1/GitHub/Viking_Game/viking game/Assets
GfxDevice: creating device client; threaded=0; jobified=0
Direct3D:
    Version:  Direct3D 11.0 [level 11.1]
    Renderer: NVIDIA GeForce GTX 1650 (ID=0x1f91)
    Vendor:   NVIDIA
    VRAM:     3962 MB
    Driver:   27.21.14.6140
Shader 'Universal Render Pipeline/Particles/Lit': fallback shader 'Universal Render Pipeline/Particles/SimpleLit' not found
Initialize mono
Mono path[0] = 'C:/Program Files/Unity/Hub/Editor/2021.1.0f1/Editor/Data/Managed'
Mono path[1] = 'C:/Program Files/Unity/Hub/Editor/2021.1.0f1/Editor/Data/MonoBleedingEdge/lib/mono/unityjit'
Mono config path = 'C:/Program Files/Unity/Hub/Editor/2021.1.0f1/Editor/Data/MonoBleedingEdge/etc'
Using monoOptions --debugger-agent=transport=dt_socket,embedding=1,server=y,suspend=n,address=127.0.0.1:56708
Begin MonoManager ReloadAssembly
Registering precompiled unity dll's ...
Register platform support module: C:/Program Files/Unity/Hub/Editor/2021.1.0f1/Editor/Data/PlaybackEngines/WindowsStandaloneSupport/UnityEditor.WindowsStandalone.Extensions.dll
Registered in 0.002259 seconds.
Native extension for WindowsStandalone target not found
Refreshing native plugins compatible for Editor in 173.12 ms, found 1 plugins.
Preloading 0 native plugins for Editor in 0.00 ms.
Mono: successfully reloaded assembly
- Completed reload, in  1.382 seconds
Platform modules already initialized, skipping
Registering precompiled user dll's ...
Registered in 0.003540 seconds.
Begin MonoManager ReloadAssembly
Native extension for WindowsStandalone target not found
Refreshing native plugins compatible for Editor in 175.02 ms, found 1 plugins.
Preloading 0 native plugins for Editor in 0.00 ms.
Mono: successfully reloaded assembly
- Completed reload, in  6.732 seconds
Platform modules already initialized, skipping
========================================================================
Worker process is ready to serve import requests
Caustics Texture missing, attempting to load.
UnityEngine.StackTraceUtility:ExtractStackTrace ()
UnityEngine.DebugLogHandler:LogFormat (UnityEngine.LogType,UnityEngine.Object,string,object[])
UnityEngine.Logger:Log (UnityEngine.LogType,object)
UnityEngine.Debug:Log (object)
WaterSystem.WaterSystemFeature:Create () (at Packages/com.verasl.water-system/Scripts/Rendering/WaterSystemFeature.cs:150)
UnityEngine.Rendering.Universal.ScriptableRendererFeature:OnValidate () (at Library/PackageCache/com.unity.render-pipelines.universal@11.0.0/Runtime/ScriptableRendererFeature.cs:39)

(Filename: Packages/com.verasl.water-system/Scripts/Rendering/WaterSystemFeature.cs Line: 150)

Shader 'Universal Render Pipeline/Particles/Lit': fallback shader 'Universal Render Pipeline/Particles/SimpleLit' not found
Launched and connected shader compiler UnityShaderCompiler.exe after 0.04 seconds
Refreshing native plugins compatible for Editor in 1.22 ms, found 1 plugins.
Preloading 0 native plugins for Editor in 0.00 ms.
Unloading 5188 Unused Serialized files (Serialized files now loaded: 0)
System memory in use before: 225.3 MB.
System memory in use after: 225.4 MB.

Unloading 18 unused Assets to reduce memory usage. Loaded Objects now: 5675.
Total: 3.981100 ms (FindLiveObjects: 0.416500 ms CreateObjectMapping: 0.330900 ms MarkObjects: 2.975700 ms  DeleteObjects: 0.257200 ms)

========================================================================
Received Import Request.
  path: Assets/PreFab/ressourcen_var1.png
  artifactKey: Guid(def5dc5ccb4bac94eab2142233be4c26) Importer(815301076,1909f56bfc062723c751e8b465ee728b)
Start importing Assets/PreFab/ressourcen_var1.png using Guid(def5dc5ccb4bac94eab2142233be4c26) Importer(815301076,1909f56bfc062723c751e8b465ee728b)  -> (artifact id: '7f6ed3d0507292f6170a421a79aac309') in 0.150033 seconds 
========================================================================
Received Import Request.
  Time since last request: 0.000316 seconds.
  path: Assets/PreFab/background fight.PNG
  artifactKey: Guid(62431778b21f4164a82fe3ecf809bcf1) Importer(815301076,1909f56bfc062723c751e8b465ee728b)
Start importing Assets/PreFab/background fight.PNG using Guid(62431778b21f4164a82fe3ecf809bcf1) Importer(815301076,1909f56bfc062723c751e8b465ee728b)  -> (artifact id: 'dbc3a5328af464cb40f9e58ba65d3ea8') in 0.082493 seconds 
========================================================================
Received Import Request.
  Time since last request: 0.000350 seconds.
  path: Assets/PreFab/AngarsRunesPersonalUseOnly-om0a.ttf
  artifactKey: Guid(ce2fce29c0668c545b49a033f9c2b074) Importer(815301076,1909f56bfc062723c751e8b465ee728b)
Start importing Assets/PreFab/AngarsRunesPersonalUseOnly-om0a.ttf using Guid(ce2fce29c0668c545b49a033f9c2b074) Importer(815301076,1909f56bfc062723c751e8b465ee728b)  -> (artifact id: 'c5716bb7715bd0eea2bd4eb705a319d4') in 0.184158 seconds 
========================================================================
Received Import Request.
  Time since last request: 0.000339 seconds.
  path: Assets/PreFab/240658-200.png
  artifactKey: Guid(9d36fe39cfc071444b2f8b240e4a6691) Importer(815301076,1909f56bfc062723c751e8b465ee728b)
Start importing Assets/PreFab/240658-200.png using Guid(9d36fe39cfc071444b2f8b240e4a6691) Importer(815301076,1909f56bfc062723c751e8b465ee728b)  -> (artifact id: '36eefdd1bf964dfa3952bd02666f5b18') in 0.044498 seconds 
========================================================================
Received Import Request.
  Time since last request: 0.000382 seconds.
  path: Assets/PreFab/fancy balken 1.png
  artifactKey: Guid(ddbd3175117259b4caaae127e71709fa) Importer(815301076,1909f56bfc062723c751e8b465ee728b)
Start importing Assets/PreFab/fancy balken 1.png using Guid(ddbd3175117259b4caaae127e71709fa) Importer(815301076,1909f56bfc062723c751e8b465ee728b)  -> (artifact id: 'f794ba47b9e62f89517105183611d38e') in 0.050178 seconds 
========================================================================
Received Import Request.
  Time since last request: 0.000342 seconds.
  path: Assets/PreFab/Wasser.fbx
  artifactKey: Guid(c8a9c295cb1c923429ab6d6102d76dae) Importer(815301076,1909f56bfc062723c751e8b465ee728b)
Start importing Assets/PreFab/Wasser.fbx using Guid(c8a9c295cb1c923429ab6d6102d76dae) Importer(815301076,1909f56bfc062723c751e8b465ee728b)  -> (artifact id: 'ad82823bf5f500be09850d6a23535509') in 0.063027 seconds 
========================================================================
Received Import Request.
  Time since last request: 0.000289 seconds.
  path: Assets/PreFab/background kompass2.png
  artifactKey: Guid(eb34191bc08078943937ddf6b20b0e6c) Importer(815301076,1909f56bfc062723c751e8b465ee728b)
Start importing Assets/PreFab/background kompass2.png using Guid(eb34191bc08078943937ddf6b20b0e6c) Importer(815301076,1909f56bfc062723c751e8b465ee728b)  -> (artifact id: '421ebbe6c4505271ad13e57b6e4fcfbf') in 0.082308 seconds 
========================================================================
Received Import Request.
  Time since last request: 0.000315 seconds.
  path: Assets/PreFab/angel bg.png
  artifactKey: Guid(d49c5c56f8a7f8342af9f5cef782a362) Importer(815301076,1909f56bfc062723c751e8b465ee728b)
Start importing Assets/PreFab/angel bg.png using Guid(d49c5c56f8a7f8342af9f5cef782a362) Importer(815301076,1909f56bfc062723c751e8b465ee728b)  -> (artifact id: 'bdca621b216771e0c3c5bc47e07f09f6') in 0.017598 seconds 
========================================================================
Received Import Request.
  Time since last request: 0.000304 seconds.
  path: Assets/PreFab/questicon.png
  artifactKey: Guid(2262a4b0388786647b05157de239af63) Importer(815301076,1909f56bfc062723c751e8b465ee728b)
Start importing Assets/PreFab/questicon.png using Guid(2262a4b0388786647b05157de239af63) Importer(815301076,1909f56bfc062723c751e8b465ee728b)  -> (artifact id: '78a400b5289970cfe3f1d6e5763fac89') in 0.048801 seconds 
========================================================================
Received Import Request.
  Time since last request: 0.000297 seconds.
  path: Assets/PreFab/fightingarea2.png
  artifactKey: Guid(bdccaab1445ddf544945bc857af5b9ba) Importer(815301076,1909f56bfc062723c751e8b465ee728b)
Start importing Assets/PreFab/fightingarea2.png using Guid(bdccaab1445ddf544945bc857af5b9ba) Importer(815301076,1909f56bfc062723c751e8b465ee728b)  -> (artifact id: '8a463ab8be561bff05c4d882664fa157') in 0.034899 seconds 
========================================================================
Received Import Request.
  Time since last request: 0.000334 seconds.
  path: Assets/PreFab/kompass white.png
  artifactKey: Guid(aef5cbcda79ec244f84b39f4176b2241) Importer(815301076,1909f56bfc062723c751e8b465ee728b)
Start importing Assets/PreFab/kompass white.png using Guid(aef5cbcda79ec244f84b39f4176b2241) Importer(815301076,1909f56bfc062723c751e8b465ee728b)  -> (artifact id: 'd5c219380bfe32f5596ca17322614f2e') in 0.011703 seconds 
========================================================================
Received Import Request.
  Time since last request: 0.000322 seconds.
  path: Assets/PreFab/background kompass black.png
  artifactKey: Guid(cc9cf1288e0964246a894f1d0aa844e4) Importer(815301076,1909f56bfc062723c751e8b465ee728b)
Start importing Assets/PreFab/background kompass black.png using Guid(cc9cf1288e0964246a894f1d0aa844e4) Importer(815301076,1909f56bfc062723c751e8b465ee728b)  -> (artifact id: 'cf0ab20878dff196606e41998f7e460d') in 0.010834 seconds 
========================================================================
Received Import Request.
  Time since last request: 0.000272 seconds.
  path: Assets/PreFab/gathering icon.png
  artifactKey: Guid(5b81b46609001f440b01de3a52c08184) Importer(815301076,1909f56bfc062723c751e8b465ee728b)
Start importing Assets/PreFab/gathering icon.png using Guid(5b81b46609001f440b01de3a52c08184) Importer(815301076,1909f56bfc062723c751e8b465ee728b)  -> (artifact id: '410ee767de6941c6eff97d5111a80968') in 0.031797 seconds 
========================================================================
Received Import Request.
  Time since last request: 0.000299 seconds.
  path: Assets/PreFab/Unbenanntes_Projekt.png
  artifactKey: Guid(98408e150e90ae04082bd939d06093e7) Importer(815301076,1909f56bfc062723c751e8b465ee728b)
Start importing Assets/PreFab/Unbenanntes_Projekt.png using Guid(98408e150e90ae04082bd939d06093e7) Importer(815301076,1909f56bfc062723c751e8b465ee728b)  -> (artifact id: '13dd3490e485c8e86cb17f790d62bc5c') in 0.065612 seconds 
========================================================================
Received Import Request.
  Time since last request: 0.000260 seconds.
  path: Assets/PreFab/Wood 2 (1).prefab
  artifactKey: Guid(c458ae7074e2d4348be9b0340013dae2) Importer(815301076,1909f56bfc062723c751e8b465ee728b)
Start importing Assets/PreFab/Wood 2 (1).prefab using Guid(c458ae7074e2d4348be9b0340013dae2) Importer(815301076,1909f56bfc062723c751e8b465ee728b)  -> (artifact id: '7ceeabf81a59a8123c64442c12069687') in 0.014521 seconds 
========================================================================
Received Import Request.
  Time since last request: 0.000297 seconds.
  path: Assets/PreFab/angel bg 2.png
  artifactKey: Guid(42b6fdabad255c946bbb287b11babd19) Importer(815301076,1909f56bfc062723c751e8b465ee728b)
Start importing Assets/PreFab/angel bg 2.png using Guid(42b6fdabad255c946bbb287b11babd19) Importer(815301076,1909f56bfc062723c751e8b465ee728b)  -> (artifact id: '2dc0f696754a86c9b9d58fc3dd15f9d5') in 0.037443 seconds 
========================================================================
Received Import Request.
  Time since last request: 0.000339 seconds.
  path: Assets/PreFab/background ressourcen.png
  artifactKey: Guid(628d56e3d0b31d44ebaace057338df2b) Importer(815301076,1909f56bfc062723c751e8b465ee728b)
Start importing Assets/PreFab/background ressourcen.png using Guid(628d56e3d0b31d44ebaace057338df2b) Importer(815301076,1909f56bfc062723c751e8b465ee728b)  -> (artifact id: 'b96a148bae075a06c0fec6c8f2304cd8') in 0.017197 seconds 
========================================================================
Received Import Request.
  Time since last request: 0.000293 seconds.
  path: Assets/PreFab/NorseBold-2Kge.otf
  artifactKey: Guid(1d223f7d2be6dd941bb34e4cd0ef62e7) Importer(815301076,1909f56bfc062723c751e8b465ee728b)
Start importing Assets/PreFab/NorseBold-2Kge.otf using Guid(1d223f7d2be6dd941bb34e4cd0ef62e7) Importer(815301076,1909f56bfc062723c751e8b465ee728b)  -> (artifact id: '0d46b38138c8c7f5bb7e6d16f3a1070a') in 0.021877 seconds 
========================================================================
Received Import Request.
  Time since last request: 0.000333 seconds.
  path: Assets/PreFab/uploads_files_712520_Hex_IceScene.obj
  artifactKey: Guid(3d26cda5a4d3d854ab34a0ecb796c6e7) Importer(815301076,1909f56bfc062723c751e8b465ee728b)
Start importing Assets/PreFab/uploads_files_712520_Hex_IceScene.obj using Guid(3d26cda5a4d3d854ab34a0ecb796c6e7) Importer(815301076,1909f56bfc062723c751e8b465ee728b)  -> (artifact id: 'f82a6a00c522473548140aec908d3131') in 0.048605 seconds 
========================================================================
Received Import Request.
  Time since last request: 0.000298 seconds.
  path: Assets/PreFab/haus beispiel.png
  artifactKey: Guid(b6f9b18f92a381546a41ab331f6868bc) Importer(815301076,1909f56bfc062723c751e8b465ee728b)
Start importing Assets/PreFab/haus beispiel.png using Guid(b6f9b18f92a381546a41ab331f6868bc) Importer(815301076,1909f56bfc062723c751e8b465ee728b)  -> (artifact id: 'fddab3c278ecb8908fb55816fb0e178c') in 0.009927 seconds 
========================================================================
Received Import Request.
  Time since last request: 0.000243 seconds.
  path: Assets/PreFab/fancy balken.png
  artifactKey: Guid(205fda70523571b47b1046d3e4b097b8) Importer(815301076,1909f56bfc062723c751e8b465ee728b)
Start importing Assets/PreFab/fancy balken.png using Guid(205fda70523571b47b1046d3e4b097b8) Importer(815301076,1909f56bfc062723c751e8b465ee728b)  -> (artifact id: 'd46b084c084711c744cf673f29edcec7') in 0.019769 seconds 
========================================================================
Received Import Request.
  Time since last request: 0.000210 seconds.
  path: Assets/PreFab/hauptquesticon.png
  artifactKey: Guid(b0d5e24f974b0e746973751ef93c2726) Importer(815301076,1909f56bfc062723c751e8b465ee728b)
Start importing Assets/PreFab/hauptquesticon.png using Guid(b0d5e24f974b0e746973751ef93c2726) Importer(815301076,1909f56bfc062723c751e8b465ee728b)  -> (artifact id: '57e8a45f7da6dfb6b36dab82f9745f8e') in 0.013341 seconds 
========================================================================
Received Import Request.
  Time since last request: 0.000262 seconds.
  path: Assets/PreFab/kompass.png
  artifactKey: Guid(9a16dccff4785c0479a087a6f0e75404) Importer(815301076,1909f56bfc062723c751e8b465ee728b)
Start importing Assets/PreFab/kompass.png using Guid(9a16dccff4785c0479a087a6f0e75404) Importer(815301076,1909f56bfc062723c751e8b465ee728b)  -> (artifact id: '7423b6e6a122e8f84870cb17ef93f163') in 0.031402 seconds 
========================================================================
Received Import Request.
  Time since last request: 0.000231 seconds.
  path: Assets/PreFab/questicon.prefab
  artifactKey: Guid(c7039515b9c98cb4184fdb6d49e62800) Importer(815301076,1909f56bfc062723c751e8b465ee728b)
Start importing Assets/PreFab/questicon.prefab using Guid(c7039515b9c98cb4184fdb6d49e62800) Importer(815301076,1909f56bfc062723c751e8b465ee728b)  -> (artifact id: '6be44308721f1afcb3322481f2006c2e') in 0.008528 seconds 
========================================================================
Received Import Request.
  Time since last request: 15.602397 seconds.
  path: Assets/Prefabs/Hallvardr.prefab
  artifactKey: Guid(8fd39bb9de031ef4ca3562c7e6cc6d13) Importer(815301076,1909f56bfc062723c751e8b465ee728b)
Start importing Assets/Prefabs/Hallvardr.prefab using Guid(8fd39bb9de031ef4ca3562c7e6cc6d13) Importer(815301076,1909f56bfc062723c751e8b465ee728b)  -> (artifact id: '0f08dbe8c74bb14d0c81160db9dbff6c') in 1.872011 seconds 
========================================================================
Received Import Request.
  Time since last request: 0.000285 seconds.
  path: Assets/Prefabs/nebeninsel_rechts_unten.prefab
  artifactKey: Guid(dedfee99207d9c2478e00691d1d67f62) Importer(815301076,1909f56bfc062723c751e8b465ee728b)
Start importing Assets/Prefabs/nebeninsel_rechts_unten.prefab using Guid(dedfee99207d9c2478e00691d1d67f62) Importer(815301076,1909f56bfc062723c751e8b465ee728b)  -> (artifact id: 'a9bf3e3be6b5e7614eb2b4b3667ac6c9') in 0.019307 seconds 
========================================================================
Received Import Request.
  Time since last request: 0.000206 seconds.
  path: Assets/Prefabs/Nebeninsel_7.prefab
  artifactKey: Guid(7117d3f26b17b3041aafd5708f3069da) Importer(815301076,1909f56bfc062723c751e8b465ee728b)
Start importing Assets/Prefabs/Nebeninsel_7.prefab using Guid(7117d3f26b17b3041aafd5708f3069da) Importer(815301076,1909f56bfc062723c751e8b465ee728b)  -> (artifact id: 'd1a405f235673684693105ae5bacc547') in 0.438305 seconds 
========================================================================
Received Import Request.
  Time since last request: 0.000283 seconds.
  path: Assets/Prefabs/Tordenhjem.prefab
  artifactKey: Guid(5203ed5c27c933240b48142619d61e4c) Importer(815301076,1909f56bfc062723c751e8b465ee728b)
Start importing Assets/Prefabs/Tordenhjem.prefab using Guid(5203ed5c27c933240b48142619d61e4c) Importer(815301076,1909f56bfc062723c751e8b465ee728b)  -> (artifact id: '16f657042fec8b78d8043c2aa0ce8a5c') in 0.023260 seconds 
========================================================================
Received Import Request.
  Time since last request: 0.000345 seconds.
  path: Assets/Prefabs/nebeninsel_unter_takeby.prefab
  artifactKey: Guid(6cdc44f4254f99040a0a5f35b576f67e) Importer(815301076,1909f56bfc062723c751e8b465ee728b)
Start importing Assets/Prefabs/nebeninsel_unter_takeby.prefab using Guid(6cdc44f4254f99040a0a5f35b576f67e) Importer(815301076,1909f56bfc062723c751e8b465ee728b)  -> (artifact id: '7a23aba13b27789e183644f7a9ddad0c') in 0.117403 seconds 
========================================================================
Received Import Request.
  Time since last request: 1.160311 seconds.
  path: Assets/Prefabs/kalshofen.prefab
  artifactKey: Guid(95acc0584e1897641b455448c8831070) Importer(815301076,1909f56bfc062723c751e8b465ee728b)
Start importing Assets/Prefabs/kalshofen.prefab using Guid(95acc0584e1897641b455448c8831070) Importer(815301076,1909f56bfc062723c751e8b465ee728b)  -> (artifact id: '02af860362cedba1ea341e60c015b95f') in 0.043824 seconds 
========================================================================
Received Prepare
Registering precompiled user dll's ...
Registered in 0.003386 seconds.
Begin MonoManager ReloadAssembly
Native extension for WindowsStandalone target not found
Refreshing native plugins compatible for Editor in 1.26 ms, found 1 plugins.
Preloading 0 native plugins for Editor in 0.00 ms.
Mono: successfully reloaded assembly
- Completed reload, in  1.299 seconds
Platform modules already initialized, skipping
Shader 'Universal Render Pipeline/Particles/Lit': fallback shader 'Universal Render Pipeline/Particles/SimpleLit' not found
Refreshing native plugins compatible for Editor in 1.16 ms, found 1 plugins.
Preloading 0 native plugins for Editor in 0.00 ms.
Unloading 5041 Unused Serialized files (Serialized files now loaded: 0)
System memory in use before: 251.5 MB.
System memory in use after: 251.7 MB.

Unloading 13 unused Assets to reduce memory usage. Loaded Objects now: 6088.
Total: 4.668100 ms (FindLiveObjects: 0.763500 ms CreateObjectMapping: 0.571400 ms MarkObjects: 3.123700 ms  DeleteObjects: 0.208100 ms)

========================================================================
Received Prepare
Registering precompiled user dll's ...
Registered in 0.003385 seconds.
Begin MonoManager ReloadAssembly
Native extension for WindowsStandalone target not found
Refreshing native plugins compatible for Editor in 1.14 ms, found 1 plugins.
Preloading 0 native plugins for Editor in 0.00 ms.
Mono: successfully reloaded assembly
- Completed reload, in  1.296 seconds
Platform modules already initialized, skipping
Shader 'Universal Render Pipeline/Particles/Lit': fallback shader 'Universal Render Pipeline/Particles/SimpleLit' not found
Refreshing native plugins compatible for Editor in 1.19 ms, found 1 plugins.
Preloading 0 native plugins for Editor in 0.00 ms.
Unloading 5021 Unused Serialized files (Serialized files now loaded: 0)
System memory in use before: 250.8 MB.
System memory in use after: 251.0 MB.

Unloading 13 unused Assets to reduce memory usage. Loaded Objects now: 6091.
Total: 4.465600 ms (FindLiveObjects: 0.566100 ms CreateObjectMapping: 0.294700 ms MarkObjects: 3.305200 ms  DeleteObjects: 0.277200 ms)

