Using pre-set license
Built from '2021.1/release' branch; Version is '2021.1.0f1 (61a549675243) revision 6399305'; Using compiler version '192528614'; Build Type 'Release'
OS: 'Windows 10 Home; OS build 19041.985; Version 2004; 64bit' Language: 'de' Physical Memory: 16263 MB
BatchMode: 1, IsHumanControllingUs: 0, StartBugReporterOnCrash: 0, Is64bit: 1, IsPro: 0

 COMMAND LINE ARGUMENTS:
C:\Program Files\Unity\Hub\Editor\2021.1.0f1\Editor\Unity.exe
-adb2
-batchMode
-noUpm
-name
AssetImportWorker1
-projectPath
D:/Dokumente/HSKL Virtual Design/4. Semester/GAME/github/Viking_Game/viking game
-logFile
Logs/AssetImportWorker1.log
-srvPort
55240
Successfully changed project path to: D:/Dokumente/HSKL Virtual Design/4. Semester/GAME/github/Viking_Game/viking game
D:/Dokumente/HSKL Virtual Design/4. Semester/GAME/github/Viking_Game/viking game
Using Asset Import Pipeline V2.
Refreshing native plugins compatible for Editor in 148.16 ms, found 1 plugins.
Preloading 0 native plugins for Editor in 0.00 ms.
Initialize engine version: 2021.1.0f1 (61a549675243)
[Subsystems] Discovering subsystems at path C:/Program Files/Unity/Hub/Editor/2021.1.0f1/Editor/Data/Resources/UnitySubsystems
[Subsystems] Discovering subsystems at path D:/Dokumente/HSKL Virtual Design/4. Semester/GAME/github/Viking_Game/viking game/Assets
GfxDevice: creating device client; threaded=0; jobified=0
Direct3D:
    Version:  Direct3D 11.0 [level 11.1]
    Renderer: NVIDIA GeForce GTX 1060 (ID=0x1c60)
    Vendor:   NVIDIA
    VRAM:     6052 MB
    Driver:   27.21.14.5763
Shader 'Universal Render Pipeline/Particles/Lit': fallback shader 'Universal Render Pipeline/Particles/SimpleLit' not found
Initialize mono
Mono path[0] = 'C:/Program Files/Unity/Hub/Editor/2021.1.0f1/Editor/Data/Managed'
Mono path[1] = 'C:/Program Files/Unity/Hub/Editor/2021.1.0f1/Editor/Data/MonoBleedingEdge/lib/mono/unityjit'
Mono config path = 'C:/Program Files/Unity/Hub/Editor/2021.1.0f1/Editor/Data/MonoBleedingEdge/etc'
Using monoOptions --debugger-agent=transport=dt_socket,embedding=1,server=y,suspend=n,address=127.0.0.1:56836
Begin MonoManager ReloadAssembly
Registering precompiled unity dll's ...
Register platform support module: C:/Program Files/Unity/Hub/Editor/2021.1.0f1/Editor/Data/PlaybackEngines/WindowsStandaloneSupport/UnityEditor.WindowsStandalone.Extensions.dll
Registered in 0.002416 seconds.
Native extension for WindowsStandalone target not found
Refreshing native plugins compatible for Editor in 168.20 ms, found 1 plugins.
Preloading 0 native plugins for Editor in 0.00 ms.
Mono: successfully reloaded assembly
- Completed reload, in  1.484 seconds
Platform modules already initialized, skipping
Registering precompiled user dll's ...
Registered in 0.005536 seconds.
Begin MonoManager ReloadAssembly
Native extension for WindowsStandalone target not found
Refreshing native plugins compatible for Editor in 181.90 ms, found 1 plugins.
Preloading 0 native plugins for Editor in 0.00 ms.
Mono: successfully reloaded assembly
- Completed reload, in  2.424 seconds
Platform modules already initialized, skipping
========================================================================
Worker process is ready to serve import requests
Caustics Texture missing, attempting to load.
UnityEngine.StackTraceUtility:ExtractStackTrace ()
UnityEngine.DebugLogHandler:LogFormat (UnityEngine.LogType,UnityEngine.Object,string,object[])
UnityEngine.Logger:Log (UnityEngine.LogType,object)
UnityEngine.Debug:Log (object)
WaterSystem.WaterSystemFeature:Create () (at Packages/com.verasl.water-system/Scripts/Rendering/WaterSystemFeature.cs:150)
UnityEngine.Rendering.Universal.ScriptableRendererFeature:OnValidate () (at Library/PackageCache/com.unity.render-pipelines.universal@11.0.0/Runtime/ScriptableRendererFeature.cs:39)

(Filename: Packages/com.verasl.water-system/Scripts/Rendering/WaterSystemFeature.cs Line: 150)

Shader 'Universal Render Pipeline/Particles/Lit': fallback shader 'Universal Render Pipeline/Particles/SimpleLit' not found
Launched and connected shader compiler UnityShaderCompiler.exe after 0.05 seconds
Refreshing native plugins compatible for Editor in 1.74 ms, found 1 plugins.
Preloading 0 native plugins for Editor in 0.00 ms.
Unloading 5128 Unused Serialized files (Serialized files now loaded: 0)
System memory in use before: 217.9 MB.
System memory in use after: 218.0 MB.

Unloading 18 unused Assets to reduce memory usage. Loaded Objects now: 5604.
Total: 4.033300 ms (FindLiveObjects: 0.440300 ms CreateObjectMapping: 0.333300 ms MarkObjects: 3.001800 ms  DeleteObjects: 0.256200 ms)

========================================================================
Received Import Request.
  path: Assets/Scripts/CollectItem.cs
  artifactKey: Guid(9e62d399155bf7c4da3a60dbddd0aec9) Importer(815301076,1909f56bfc062723c751e8b465ee728b)
Start importing Assets/Scripts/CollectItem.cs using Guid(9e62d399155bf7c4da3a60dbddd0aec9) Importer(815301076,1909f56bfc062723c751e8b465ee728b)  -> (artifact id: '7be761cb517ae86c6c516941da6c6c75') in 0.041973 seconds 
========================================================================
Received Prepare
Registering precompiled user dll's ...
Registered in 0.005198 seconds.
Begin MonoManager ReloadAssembly
Native extension for WindowsStandalone target not found
Refreshing native plugins compatible for Editor in 1.04 ms, found 1 plugins.
Preloading 0 native plugins for Editor in 0.00 ms.
Mono: successfully reloaded assembly
- Completed reload, in  1.303 seconds
Platform modules already initialized, skipping
Shader 'Universal Render Pipeline/Particles/Lit': fallback shader 'Universal Render Pipeline/Particles/SimpleLit' not found
Refreshing native plugins compatible for Editor in 1.10 ms, found 1 plugins.
Preloading 0 native plugins for Editor in 0.00 ms.
Unloading 4966 Unused Serialized files (Serialized files now loaded: 0)
System memory in use before: 208.2 MB.
System memory in use after: 208.3 MB.

Unloading 13 unused Assets to reduce memory usage. Loaded Objects now: 5607.
Total: 4.137600 ms (FindLiveObjects: 0.446200 ms CreateObjectMapping: 0.268800 ms MarkObjects: 3.216100 ms  DeleteObjects: 0.204900 ms)

========================================================================
Received Prepare
Registering precompiled user dll's ...
Registered in 0.006497 seconds.
Begin MonoManager ReloadAssembly
Native extension for WindowsStandalone target not found
Refreshing native plugins compatible for Editor in 1.05 ms, found 1 plugins.
Preloading 0 native plugins for Editor in 0.00 ms.
Mono: successfully reloaded assembly
- Completed reload, in  1.310 seconds
Platform modules already initialized, skipping
Shader 'Universal Render Pipeline/Particles/Lit': fallback shader 'Universal Render Pipeline/Particles/SimpleLit' not found
Refreshing native plugins compatible for Editor in 1.01 ms, found 1 plugins.
Preloading 0 native plugins for Editor in 0.00 ms.
Unloading 4966 Unused Serialized files (Serialized files now loaded: 0)
System memory in use before: 208.3 MB.
System memory in use after: 208.4 MB.

Unloading 13 unused Assets to reduce memory usage. Loaded Objects now: 5610.
Total: 4.047500 ms (FindLiveObjects: 0.486300 ms CreateObjectMapping: 0.388300 ms MarkObjects: 2.944100 ms  DeleteObjects: 0.227200 ms)

========================================================================
Received Import Request.
  Time since last request: 1153.544050 seconds.
  path: Assets/Scripts/QuestGiver.cs
  artifactKey: Guid(bfc08a6fe8c1eaf4fb1be4ddef49f3ce) Importer(815301076,1909f56bfc062723c751e8b465ee728b)
Start importing Assets/Scripts/QuestGiver.cs using Guid(bfc08a6fe8c1eaf4fb1be4ddef49f3ce) Importer(815301076,1909f56bfc062723c751e8b465ee728b)  -> (artifact id: 'b321b4a3574681a7ebaf2486a646a312') in 0.009343 seconds 
========================================================================
Received Import Request.
  Time since last request: 60.578711 seconds.
  path: Assets/Scripts/LootGiver.cs
  artifactKey: Guid(933c7a9963932884e9bd9031c8d6fb24) Importer(815301076,1909f56bfc062723c751e8b465ee728b)
Start importing Assets/Scripts/LootGiver.cs using Guid(933c7a9963932884e9bd9031c8d6fb24) Importer(815301076,1909f56bfc062723c751e8b465ee728b)  -> (artifact id: 'c7ba1e9b53d4d2902fc1aa36cc6e0a4e') in 0.004552 seconds 
========================================================================
Received Import Request.
  Time since last request: 32.411540 seconds.
  path: Assets/Scripts/LootGiver.cs
  artifactKey: Guid(933c7a9963932884e9bd9031c8d6fb24) Importer(815301076,1909f56bfc062723c751e8b465ee728b)
Start importing Assets/Scripts/LootGiver.cs using Guid(933c7a9963932884e9bd9031c8d6fb24) Importer(815301076,1909f56bfc062723c751e8b465ee728b)  -> (artifact id: '9fe7208a61e4df9fc86129bb23b75d9a') in 0.002919 seconds 
========================================================================
Received Prepare
Registering precompiled user dll's ...
Registered in 0.005323 seconds.
Begin MonoManager ReloadAssembly
Native extension for WindowsStandalone target not found
Refreshing native plugins compatible for Editor in 1.04 ms, found 1 plugins.
Preloading 0 native plugins for Editor in 0.00 ms.
Mono: successfully reloaded assembly
- Completed reload, in  1.293 seconds
Platform modules already initialized, skipping
Shader 'Universal Render Pipeline/Particles/Lit': fallback shader 'Universal Render Pipeline/Particles/SimpleLit' not found
Refreshing native plugins compatible for Editor in 1.03 ms, found 1 plugins.
Preloading 0 native plugins for Editor in 0.00 ms.
Unloading 4967 Unused Serialized files (Serialized files now loaded: 0)
System memory in use before: 208.4 MB.
System memory in use after: 208.5 MB.

Unloading 13 unused Assets to reduce memory usage. Loaded Objects now: 5614.
Total: 5.783800 ms (FindLiveObjects: 0.466500 ms CreateObjectMapping: 0.359400 ms MarkObjects: 4.712100 ms  DeleteObjects: 0.244600 ms)

========================================================================
Received Prepare
Registering precompiled user dll's ...
Registered in 0.005169 seconds.
Begin MonoManager ReloadAssembly
Native extension for WindowsStandalone target not found
Refreshing native plugins compatible for Editor in 1.01 ms, found 1 plugins.
Preloading 0 native plugins for Editor in 0.00 ms.
Mono: successfully reloaded assembly
- Completed reload, in  1.287 seconds
Platform modules already initialized, skipping
Shader 'Universal Render Pipeline/Particles/Lit': fallback shader 'Universal Render Pipeline/Particles/SimpleLit' not found
Refreshing native plugins compatible for Editor in 0.99 ms, found 1 plugins.
Preloading 0 native plugins for Editor in 0.00 ms.
Unloading 4967 Unused Serialized files (Serialized files now loaded: 0)
System memory in use before: 208.4 MB.
System memory in use after: 208.5 MB.

Unloading 13 unused Assets to reduce memory usage. Loaded Objects now: 5617.
Total: 3.545000 ms (FindLiveObjects: 0.451700 ms CreateObjectMapping: 0.303100 ms MarkObjects: 2.562000 ms  DeleteObjects: 0.226900 ms)

========================================================================
Received Import Request.
  Time since last request: 463.522446 seconds.
  path: Assets/Scripts/Quest.cs
  artifactKey: Guid(b9e5801a10847b14bab585ba403253ed) Importer(815301076,1909f56bfc062723c751e8b465ee728b)
Start importing Assets/Scripts/Quest.cs using Guid(b9e5801a10847b14bab585ba403253ed) Importer(815301076,1909f56bfc062723c751e8b465ee728b)  -> (artifact id: '30879eb7e84246bcdf679149354a135a') in 0.008688 seconds 
========================================================================
Received Import Request.
  Time since last request: 112.493852 seconds.
  path: Assets/Scripts/CollectItemIron.cs
  artifactKey: Guid(14d4bfc658834fe48afe965ed016026c) Importer(815301076,1909f56bfc062723c751e8b465ee728b)
Start importing Assets/Scripts/CollectItemIron.cs using Guid(14d4bfc658834fe48afe965ed016026c) Importer(815301076,1909f56bfc062723c751e8b465ee728b)  -> (artifact id: 'd798317b121b9a8e937cbb265d8488db') in 0.002222 seconds 
========================================================================
Received Prepare
Registering precompiled user dll's ...
Registered in 0.005288 seconds.
Begin MonoManager ReloadAssembly
Native extension for WindowsStandalone target not found
Refreshing native plugins compatible for Editor in 1.02 ms, found 1 plugins.
Preloading 0 native plugins for Editor in 0.00 ms.
Mono: successfully reloaded assembly
- Completed reload, in  1.276 seconds
Platform modules already initialized, skipping
Shader 'Universal Render Pipeline/Particles/Lit': fallback shader 'Universal Render Pipeline/Particles/SimpleLit' not found
Refreshing native plugins compatible for Editor in 0.99 ms, found 1 plugins.
Preloading 0 native plugins for Editor in 0.00 ms.
Unloading 4967 Unused Serialized files (Serialized files now loaded: 0)
System memory in use before: 208.2 MB.
System memory in use after: 208.3 MB.

Unloading 13 unused Assets to reduce memory usage. Loaded Objects now: 5620.
Total: 6.210000 ms (FindLiveObjects: 0.690600 ms CreateObjectMapping: 0.525600 ms MarkObjects: 4.748200 ms  DeleteObjects: 0.243500 ms)

========================================================================
Received Prepare
Registering precompiled user dll's ...
Registered in 0.005315 seconds.
Begin MonoManager ReloadAssembly
Native extension for WindowsStandalone target not found
Refreshing native plugins compatible for Editor in 2.65 ms, found 1 plugins.
Preloading 0 native plugins for Editor in 0.00 ms.
Mono: successfully reloaded assembly
- Completed reload, in  1.346 seconds
Platform modules already initialized, skipping
Shader 'Universal Render Pipeline/Particles/Lit': fallback shader 'Universal Render Pipeline/Particles/SimpleLit' not found
Refreshing native plugins compatible for Editor in 0.99 ms, found 1 plugins.
Preloading 0 native plugins for Editor in 0.00 ms.
Unloading 4967 Unused Serialized files (Serialized files now loaded: 0)
System memory in use before: 208.4 MB.
System memory in use after: 208.5 MB.

Unloading 13 unused Assets to reduce memory usage. Loaded Objects now: 5623.
Total: 3.891200 ms (FindLiveObjects: 0.458800 ms CreateObjectMapping: 0.304400 ms MarkObjects: 2.899300 ms  DeleteObjects: 0.227300 ms)

========================================================================
Received Prepare
Registering precompiled user dll's ...
Registered in 0.006341 seconds.
Begin MonoManager ReloadAssembly
Native extension for WindowsStandalone target not found
Refreshing native plugins compatible for Editor in 1.00 ms, found 1 plugins.
Preloading 0 native plugins for Editor in 0.00 ms.
Mono: successfully reloaded assembly
- Completed reload, in  1.247 seconds
Platform modules already initialized, skipping
Shader 'Universal Render Pipeline/Particles/Lit': fallback shader 'Universal Render Pipeline/Particles/SimpleLit' not found
Refreshing native plugins compatible for Editor in 1.00 ms, found 1 plugins.
Preloading 0 native plugins for Editor in 0.00 ms.
Unloading 4967 Unused Serialized files (Serialized files now loaded: 0)
System memory in use before: 208.4 MB.
System memory in use after: 208.5 MB.

Unloading 13 unused Assets to reduce memory usage. Loaded Objects now: 5626.
Total: 3.811000 ms (FindLiveObjects: 0.398400 ms CreateObjectMapping: 0.283800 ms MarkObjects: 2.904800 ms  DeleteObjects: 0.222400 ms)

AssetImportWorkerClient::OnTransportError - code=2 error=End of file
