Using pre-set license
Built from '2021.1/release' branch; Version is '2021.1.0f1 (61a549675243) revision 6399305'; Using compiler version '192528614'; Build Type 'Release'
OS: 'Windows 10 Pro; OS build 19041.928; Version 2004; 64bit' Language: 'de' Physical Memory: 16330 MB
BatchMode: 1, IsHumanControllingUs: 0, StartBugReporterOnCrash: 0, Is64bit: 1, IsPro: 0

 COMMAND LINE ARGUMENTS:
D:\Unity\2021.1.0f1\Editor\Unity.exe
-adb2
-batchMode
-noUpm
-name
AssetImportWorker3
-projectPath
G:/_Virtual Design/SS 2021/MMG_MED1_IPK1/GIT/Viking_Game/viking game
-logFile
Logs/AssetImportWorker3.log
-srvPort
49530
Successfully changed project path to: G:/_Virtual Design/SS 2021/MMG_MED1_IPK1/GIT/Viking_Game/viking game
G:/_Virtual Design/SS 2021/MMG_MED1_IPK1/GIT/Viking_Game/viking game
Using Asset Import Pipeline V2.
Refreshing native plugins compatible for Editor in 128.18 ms, found 1 plugins.
Preloading 0 native plugins for Editor in 0.00 ms.
Initialize engine version: 2021.1.0f1 (61a549675243)
[Subsystems] Discovering subsystems at path D:/Unity/2021.1.0f1/Editor/Data/Resources/UnitySubsystems
[Subsystems] Discovering subsystems at path G:/_Virtual Design/SS 2021/MMG_MED1_IPK1/GIT/Viking_Game/viking game/Assets
GfxDevice: creating device client; threaded=0; jobified=0
Direct3D:
    Version:  Direct3D 11.0 [level 11.1]
    Renderer: NVIDIA GeForce RTX 2080 (ID=0x1e87)
    Vendor:   NVIDIA
    VRAM:     8010 MB
    Driver:   27.21.14.6611
Shader 'Universal Render Pipeline/Particles/Lit': fallback shader 'Universal Render Pipeline/Particles/SimpleLit' not found
Initialize mono
Mono path[0] = 'D:/Unity/2021.1.0f1/Editor/Data/Managed'
Mono path[1] = 'D:/Unity/2021.1.0f1/Editor/Data/MonoBleedingEdge/lib/mono/unityjit'
Mono config path = 'D:/Unity/2021.1.0f1/Editor/Data/MonoBleedingEdge/etc'
Using monoOptions --debugger-agent=transport=dt_socket,embedding=1,server=y,suspend=n,address=127.0.0.1:56680
Begin MonoManager ReloadAssembly
Registering precompiled unity dll's ...
Register platform support module: D:/Unity/2021.1.0f1/Editor/Data/PlaybackEngines/WindowsStandaloneSupport/UnityEditor.WindowsStandalone.Extensions.dll
Registered in 0.001112 seconds.
Native extension for WindowsStandalone target not found
Refreshing native plugins compatible for Editor in 135.83 ms, found 1 plugins.
Preloading 0 native plugins for Editor in 0.00 ms.
Mono: successfully reloaded assembly
- Completed reload, in  1.125 seconds
Platform modules already initialized, skipping
Registering precompiled user dll's ...
Registered in 0.003808 seconds.
Begin MonoManager ReloadAssembly
Native extension for WindowsStandalone target not found
Refreshing native plugins compatible for Editor in 136.48 ms, found 1 plugins.
Preloading 0 native plugins for Editor in 0.00 ms.
Mono: successfully reloaded assembly
- Completed reload, in  5.133 seconds
Platform modules already initialized, skipping
========================================================================
Worker process is ready to serve import requests
Caustics Texture missing, attempting to load.
UnityEngine.StackTraceUtility:ExtractStackTrace ()
UnityEngine.DebugLogHandler:LogFormat (UnityEngine.LogType,UnityEngine.Object,string,object[])
UnityEngine.Logger:Log (UnityEngine.LogType,object)
UnityEngine.Debug:Log (object)
WaterSystem.WaterSystemFeature:Create () (at Packages/com.verasl.water-system/Scripts/Rendering/WaterSystemFeature.cs:150)
UnityEngine.Rendering.Universal.ScriptableRendererFeature:OnValidate () (at Library/PackageCache/com.unity.render-pipelines.universal@11.0.0/Runtime/ScriptableRendererFeature.cs:39)

(Filename: Packages/com.verasl.water-system/Scripts/Rendering/WaterSystemFeature.cs Line: 150)

Shader 'Universal Render Pipeline/Particles/Lit': fallback shader 'Universal Render Pipeline/Particles/SimpleLit' not found
Launched and connected shader compiler UnityShaderCompiler.exe after 0.14 seconds
Refreshing native plugins compatible for Editor in 0.98 ms, found 1 plugins.
Preloading 0 native plugins for Editor in 0.00 ms.
Unloading 4919 Unused Serialized files (Serialized files now loaded: 0)
System memory in use before: 204.5 MB.
System memory in use after: 204.5 MB.

Unloading 17 unused Assets to reduce memory usage. Loaded Objects now: 5398.
Total: 3.638700 ms (FindLiveObjects: 0.478700 ms CreateObjectMapping: 0.137000 ms MarkObjects: 2.763400 ms  DeleteObjects: 0.258300 ms)

========================================================================
Received Import Request.
  path: Assets/ExampleAssets/Materials
  artifactKey: Guid(ffd318dbb37362c4f8d87863d082b2fd) Importer(815301076,1909f56bfc062723c751e8b465ee728b)
Start importing Assets/ExampleAssets/Materials using Guid(ffd318dbb37362c4f8d87863d082b2fd) Importer(815301076,1909f56bfc062723c751e8b465ee728b)  -> (artifact id: 'f99a57ee2ca691897272ba0ac68b9d0c') in 0.073670 seconds 
========================================================================
Received Import Request.
  Time since last request: 7.218474 seconds.
  path: Assets/Understone/Viking Pack
  artifactKey: Guid(5f2627a3367397d43a9637d865e53ab0) Importer(815301076,1909f56bfc062723c751e8b465ee728b)
Start importing Assets/Understone/Viking Pack using Guid(5f2627a3367397d43a9637d865e53ab0) Importer(815301076,1909f56bfc062723c751e8b465ee728b)  -> (artifact id: '92d6d33e273aa0bcb02c6c3a028e7c42') in 0.062403 seconds 
========================================================================
Received Import Request.
  Time since last request: 16.430043 seconds.
  path: Assets/Understone/Viking Pack/Scenes
  artifactKey: Guid(8b8abf26367934d458927cc64caee1bb) Importer(815301076,1909f56bfc062723c751e8b465ee728b)
Start importing Assets/Understone/Viking Pack/Scenes using Guid(8b8abf26367934d458927cc64caee1bb) Importer(815301076,1909f56bfc062723c751e8b465ee728b)  -> (artifact id: '61d0ff809dbce476c4fe3d6c0ff1a7ea') in 0.058695 seconds 
========================================================================
Received Import Request.
  Time since last request: 5.661418 seconds.
  path: Assets/Understone/Viking Pack/Prefabs/D_Ship
  artifactKey: Guid(57ac406981d05f5408051a0e01ce5dda) Importer(815301076,1909f56bfc062723c751e8b465ee728b)
Start importing Assets/Understone/Viking Pack/Prefabs/D_Ship using Guid(57ac406981d05f5408051a0e01ce5dda) Importer(815301076,1909f56bfc062723c751e8b465ee728b)  -> (artifact id: '009c081aed2e697b945ed02250494d69') in 0.059262 seconds 
========================================================================
Received Import Request.
  Time since last request: 2.560343 seconds.
  path: Assets/Understone/Viking Pack/Prefabs/D_Ship/D_Galley_Blue.prefab
  artifactKey: Guid(826df28f2c30f394eb8e214d22081399) Importer(815301076,1909f56bfc062723c751e8b465ee728b)
Start importing Assets/Understone/Viking Pack/Prefabs/D_Ship/D_Galley_Blue.prefab using Guid(826df28f2c30f394eb8e214d22081399) Importer(815301076,1909f56bfc062723c751e8b465ee728b)  -> (artifact id: 'ac08b3e89aaef3151aaf7819633fbd5a') in 0.333625 seconds 
========================================================================
Received Import Request.
  Time since last request: 7.931933 seconds.
  path: Assets/Understone/Viking Pack/Prefabs/D_Ship/D_Galley_Green.prefab
  artifactKey: Guid(4c615a6ed06f6cc4784b055eacda2e7c) Importer(815301076,1909f56bfc062723c751e8b465ee728b)
Start importing Assets/Understone/Viking Pack/Prefabs/D_Ship/D_Galley_Green.prefab using Guid(4c615a6ed06f6cc4784b055eacda2e7c) Importer(815301076,1909f56bfc062723c751e8b465ee728b)  -> (artifact id: '3fdb153e291f757c4017fa3463b322cf') in 0.111738 seconds 
========================================================================
Received Import Request.
  Time since last request: 0.684504 seconds.
  path: Assets/Understone/Viking Pack/Prefabs/D_Ship/D_Galley_Red.prefab
  artifactKey: Guid(0c3a4fe23ba637340907f3a6e16fe2d8) Importer(815301076,1909f56bfc062723c751e8b465ee728b)
Start importing Assets/Understone/Viking Pack/Prefabs/D_Ship/D_Galley_Red.prefab using Guid(0c3a4fe23ba637340907f3a6e16fe2d8) Importer(815301076,1909f56bfc062723c751e8b465ee728b)  -> (artifact id: 'c058493c800751c7e9c79cb54e43aa83') in 0.104862 seconds 
========================================================================
Received Import Request.
  Time since last request: 1.003764 seconds.
  path: Assets/Understone/Viking Pack/Prefabs/D_Ship/D_Galley_Wood.prefab
  artifactKey: Guid(132ba1add875ddc419b83895fe5dca7f) Importer(815301076,1909f56bfc062723c751e8b465ee728b)
Start importing Assets/Understone/Viking Pack/Prefabs/D_Ship/D_Galley_Wood.prefab using Guid(132ba1add875ddc419b83895fe5dca7f) Importer(815301076,1909f56bfc062723c751e8b465ee728b)  -> (artifact id: '86d48adb45d99f5fd38fb031d5b964e5') in 0.100170 seconds 
========================================================================
Received Import Request.
  Time since last request: 0.733272 seconds.
  path: Assets/Understone/Viking Pack/Prefabs/D_Ship/D_Knarr_Blue.prefab
  artifactKey: Guid(35469b1ae590ea44d8a771f37c3a36ab) Importer(815301076,1909f56bfc062723c751e8b465ee728b)
Start importing Assets/Understone/Viking Pack/Prefabs/D_Ship/D_Knarr_Blue.prefab using Guid(35469b1ae590ea44d8a771f37c3a36ab) Importer(815301076,1909f56bfc062723c751e8b465ee728b)  -> (artifact id: '02c6755958b681ade28394866a5a7f62') in 0.091408 seconds 
========================================================================
Received Import Request.
  Time since last request: 34.900958 seconds.
  path: Assets/Understone/Viking Pack/Prefabs/D_Ship/D_Rowboat_Wood.prefab
  artifactKey: Guid(91a2f45bfbd57034c96bcfda46897a89) Importer(815301076,1909f56bfc062723c751e8b465ee728b)
Start importing Assets/Understone/Viking Pack/Prefabs/D_Ship/D_Rowboat_Wood.prefab using Guid(91a2f45bfbd57034c96bcfda46897a89) Importer(815301076,1909f56bfc062723c751e8b465ee728b)  -> (artifact id: '237c98c8a4cd71e9a67cef11960c6b48') in 0.108590 seconds 
========================================================================
Received Import Request.
  Time since last request: 271.046389 seconds.
  path: Assets/Understone/Viking Pack/Models/B_Base
  artifactKey: Guid(000f147ef4054534fac8fde78726281c) Importer(815301076,1909f56bfc062723c751e8b465ee728b)
Start importing Assets/Understone/Viking Pack/Models/B_Base using Guid(000f147ef4054534fac8fde78726281c) Importer(815301076,1909f56bfc062723c751e8b465ee728b)  -> (artifact id: 'b10bb49d002d94c4d524a1cdc88b715e') in 0.048567 seconds 
========================================================================
Received Import Request.
  Time since last request: 1.977188 seconds.
  path: Assets/Understone/Viking Pack/Models/B_Base/B_A_TowerRed.fbx
  artifactKey: Guid(daa1fc12813e3134ca2244588757773a) Importer(815301076,1909f56bfc062723c751e8b465ee728b)
Start importing Assets/Understone/Viking Pack/Models/B_Base/B_A_TowerRed.fbx using Guid(daa1fc12813e3134ca2244588757773a) Importer(815301076,1909f56bfc062723c751e8b465ee728b)  -> (artifact id: 'd4740b39320176cbe9007730abb86ddb') in 0.277336 seconds 
========================================================================
Received Import Request.
  Time since last request: 313.296921 seconds.
  path: Assets/Understone/Viking Pack/Models/I_Character/I_3_Blue.fbx
  artifactKey: Guid(04cf422ddc175b74e95a984dff6d3978) Importer(815301076,1909f56bfc062723c751e8b465ee728b)
Start importing Assets/Understone/Viking Pack/Models/I_Character/I_3_Blue.fbx using Guid(04cf422ddc175b74e95a984dff6d3978) Importer(815301076,1909f56bfc062723c751e8b465ee728b)  -> (artifact id: 'c4ad1686335c340ebf204c1edea571fc') in 0.175719 seconds 
